[INFO] 22:08:05:030 Log/(4430:4430): Soy un Log
[INFO] 22:54:06:226 Log/(6600:6600): Soy un Log
[INFO] 00:53:26:121 Log/(7592:7592): Soy un Log
[INFO] 00:54:15:471 Log/(7620:7620): Soy un Log
[INFO] 00:55:07:951 Log/(7665:7665): Soy un Log
[INFO] 00:55:56:156 Log/(7700:7700): Soy un Log
[INFO] 00:55:57:694 Log/(7768:7768): Soy un Log
[INFO] 00:57:01:941 TP0/(7847:7847): Soy un Log
[INFO] 01:00:11:412 TP0/(8188:8188): Soy un Log
[INFO] 01:00:15:111 TP0/(8188:8188): Hola
[INFO] 01:00:19:122 TP0/(8188:8188): SEEE
[INFO] 21:16:05:018 TP0/(102881:102881): Soy un Log
[INFO] 14:49:22:908 TP0/(2606:2606): Soy un Log
[INFO] 15:39:36:136 TP0/(2926:2926): Soy un Log
[INFO] 16:07:50:558 TP0/(3348:3348): Soy un Log
[INFO] 16:08:16:726 TP0/(3359:3359): Soy un Log
[INFO] 16:08:59:574 TP0/(3410:3410): Soy un Log
[INFO] 16:09:30:465 TP0/(3464:3464): Soy un Log
[INFO] 16:10:38:230 TP0/(3559:3559): Soy un Log
[INFO] 16:10:39:940 TP0/(3559:3559): a
[INFO] 16:10:41:085 TP0/(3559:3559): d
[INFO] 16:10:41:653 TP0/(3559:3559): f
[INFO] 16:10:45:844 TP0/(3559:3559): hola como estas
[INFO] 17:18:10:611 TP0/(4049:4049): Soy un Log
[INFO] 17:18:16:610 TP0/(4050:4050): Soy un Log
[INFO] 17:21:43:140 TP0/(4205:4205): Soy un Log
[INFO] 17:32:23:476 TP0/(5065:5065): Soy un Log
[INFO] 17:40:49:954 TP0/(5188:5188): Soy un Log
[INFO] 17:41:06:537 TP0/(5192:5192): Soy un Log
[INFO] 17:41:39:522 TP0/(5207:5207): Soy un Log
[INFO] 17:41:56:095 TP0/(5207:5207): sa
[INFO] 17:41:56:791 TP0/(5207:5207): sdfg
[INFO] 17:41:57:391 TP0/(5207:5207): fdsg
[INFO] 17:41:57:871 TP0/(5207:5207): dsfg
[INFO] 17:41:58:583 TP0/(5207:5207): d
[INFO] 17:49:39:848 TP0/(5440:5440): Soy un Log
[INFO] 17:51:04:857 TP0/(5544:5544): Soy un Log
[INFO] 17:51:19:505 TP0/(5557:5557): Soy un Log
[INFO] 00:28:55:059 TP0/(7871:7871): Soy un Log
[INFO] 00:30:15:967 TP0/(7927:7927): Soy un Log
[INFO] 00:31:33:733 TP0/(8017:8017): Soy un Log
[INFO] 00:47:24:098 TP0/(8447:8447): Soy un Log
[INFO] 00:47:29:577 TP0/(8447:8447): hola buenas
[INFO] 00:52:15:606 TP0/(8649:8649): Soy un Log
[INFO] 00:59:11:255 TP0/(9299:9299): Soy un Log
[INFO] 00:59:49:582 TP0/(9267:9267): Soy un Log
[INFO] 01:00:24:009 TP0/(9371:9371): Soy un Log
[INFO] 01:01:44:843 TP0/(9416:9416): Soy un Log
[INFO] 01:15:49:453 TP0/(9685:9685): Soy un Log
[INFO] 01:16:02:988 TP0/(9698:9698): Soy un Log
[INFO] 01:18:01:595 TP0/(9814:9814): Soy un Log
[INFO] 01:19:01:572 TP0/(9939:9939): Soy un Log
[INFO] 01:19:09:503 TP0/(9939:9939): hola
[INFO] 18:29:25:489 TP0/(4359:4359): Soy un Log
[INFO] 19:47:23:781 TP0/(6390:6390): Soy un Log
